<?xml version="1.0" encoding="UTF-8"?>
<testsuite xmlns:xsi="http://www.w3.org/2001/XMLSchema-instance" xsi:noNamespaceSchemaLocation="https://maven.apache.org/surefire/maven-surefire-plugin/xsd/surefire-test-report-3.0.xsd" version="3.0" name="RestfulBooker" time="5.801" tests="1" errors="0" skipped="0" failures="0">
  <properties>
[...]
</properties>
  <testcase name="getPing" classname="RestfulBooker" time="4.683">
    <system-out><![CDATA[HTTP/1.1 201 Created
Content-Length: 7
Content-Type: text/plain; charset=utf-8
Date: Sat, 05 Sep 2026 20:26:41 GMT
Etag: W/"7-rM9AyJuqT6iOan/xHh+AW+7K/T8"
Nel: {"report_to":"heroku-nel","response_headers":["Via"],"max_age":3600,"success_fraction":0.01,"failure_fraction":0.1}
Report-To: {"group":"heroku-nel","endpoints":[{"url":"https://nel.heroku.com/reports?s=FnCVOXwVkQxh%2Bd3aJ2soWrHQTsXJx4zjtl3vszVePDI%3D\u0026sid=c46efe9b-d3d2-4a0c-8c76-bfafa16c5add\u0026ts=1788640001"}],"max_age":3600}
Reporting-Endpoints: heroku-nel="https://nel.heroku.com/reports?s=FnCVOXwVkQxh%2Bd3aJ2soWrHQTsXJx4zjtl3vszVePDI%3D&sid=c46efe9b-d3d2-4a0c-8c76-bfafa16c5add&ts=1788640001"
Server: Heroku
Via: 1.1 heroku-router
X-Powered-By: Express

Created
]]></system-out>
    <system-err><![CDATA[SLF4J(W): No SLF4J providers were found.
SLF4J(W): Defaulting to no-operation (NOP) logger implementation
SLF4J(W): See https://www.slf4j.org/codes.html#noProviders for further details.
]]></system-err>
  </testcase>
</testsuite>