<?xml version="1.0" encoding="UTF-8"?>
<testng-results ignored="0" total="1" passed="1" failed="0" skipped="0">
  <reporter-output>
  </reporter-output>
  <suite started-at="2026-09-05T17:26:41 BRT" name="Surefire suite" finished-at="2026-09-05T17:26:46 BRT" duration-ms="4758">
    <groups>
    </groups>
    <test started-at="2026-09-05T17:26:41 BRT" name="Surefire test" finished-at="2026-09-05T17:26:46 BRT" duration-ms="4758">
      <class name="RestfulBooker">
        <test-method signature="getPing()[pri:0, instance:RestfulBooker@797badd3]" started-at="2026-09-05T17:26:41 BRT" name="getPing" finished-at="2026-09-05T17:26:46 BRT" duration-ms="4680" status="PASS">
          <reporter-output>
          </reporter-output>
        </test-method> <!-- getPing -->
      </class> <!-- RestfulBooker -->
    </test> <!-- Surefire test -->
  </suite> <!-- Surefire suite -->
</testng-results>
